<?xml version="1.0" encoding="UTF-8"?>
<testsuite name="com.nikitosoleil.AppTest" tests="10" skipped="0" failures="0" errors="0" timestamp="2019-11-12T04:27:34" hostname="NikiPC" time="0.046">
  <properties/>
  <testcase name="test01_initCam" classname="com.nikitosoleil.AppTest" time="0.001"/>
  <testcase name="test03_initLights" classname="com.nikitosoleil.AppTest" time="0.001"/>
  <testcase name="test04_constructDlsf" classname="com.nikitosoleil.AppTest" time="0.007"/>
  <testcase name="test05_initFilters" classname="com.nikitosoleil.AppTest" time="0.002"/>
  <testcase name="test06_initWalls" classname="com.nikitosoleil.AppTest" time="0.004"/>
  <testcase name="test100_shoot" classname="com.nikitosoleil.AppTest" time="0.015"/>
  <testcase name="test10_initMappings" classname="com.nikitosoleil.AppTest" time="0.001"/>
  <testcase name="test11_ambient_light_switch" classname="com.nikitosoleil.AppTest" time="0.001"/>
  <testcase name="test12_directional_light_switch" classname="com.nikitosoleil.AppTest" time="0.001"/>
  <testcase name="test13_shadow_switch" classname="com.nikitosoleil.AppTest" time="0.0"/>
  <system-out><![CDATA[]]></system-out>
  <system-err><![CDATA[Nov 12, 2019 6:27:34 AM com.jme3.system.JmeDesktopSystem initialize
INFO: Running on jMonkeyEngine 3.2-stable
 * Branch: HEAD
 * Git Hash: 8291d61
 * Build Date: 2019-07-13
Nov 12, 2019 6:27:34 AM com.jme3.asset.AssetConfig loadText
WARNING: Cannot find loader com.jme3.scene.plugins.blender.BlenderModelLoader
Nov 12, 2019 6:27:34 AM com.jme3.asset.AssetConfig loadText
WARNING: Cannot find loader com.jme3.scene.plugins.blender.BlenderModelLoader
Nov 12, 2019 6:27:34 AM com.jme3.app.LegacyApplication handleError
SEVERE: Uncaught exception thrown in Thread[jME3 Headless Main,5,main]
java.lang.IllegalStateException: Input already initialized.
	at com.jme3.input.dummy.DummyInput.initialize(DummyInput.java:49)
	at com.jme3.app.LegacyApplication.initInput(LegacyApplication.java:328)
	at com.jme3.app.LegacyApplication.initialize(LegacyApplication.java:600)
	at com.jme3.app.SimpleApplication.initialize(SimpleApplication.java:178)
	at com.jme3.system.NullContext.initInThread(NullContext.java:87)
	at com.jme3.system.NullContext.run(NullContext.java:130)
	at java.base/java.lang.Thread.run(Thread.java:834)

Nov 12, 2019 6:27:34 AM com.jme3.app.LegacyApplication start
WARNING: start() called when application already created!
Nov 12, 2019 6:27:34 AM com.jme3.app.LegacyApplication start
WARNING: start() called when application already created!
Nov 12, 2019 6:27:34 AM com.jme3.app.LegacyApplication start
WARNING: start() called when application already created!
Nov 12, 2019 6:27:34 AM com.jme3.app.LegacyApplication start
WARNING: start() called when application already created!
Nov 12, 2019 6:27:34 AM com.jme3.app.LegacyApplication start
WARNING: start() called when application already created!
Nov 12, 2019 6:27:34 AM com.jme3.app.LegacyApplication start
WARNING: start() called when application already created!
Nov 12, 2019 6:27:34 AM com.jme3.app.LegacyApplication start
WARNING: start() called when application already created!
Nov 12, 2019 6:27:34 AM com.jme3.app.LegacyApplication start
WARNING: start() called when application already created!
Nov 12, 2019 6:27:34 AM com.jme3.app.LegacyApplication start
WARNING: start() called when application already created!
]]></system-err>
</testsuite>
